android/app/build/intermediates/manifest_merge_blame_file/debug/manifest-merger-blame-debug-report.txt
1<?xml version="1.0" encoding="utf-8"?>
2<manifest xmlns:android="http://schemas.android.com/apk/res/android"
3    package="com.qatar"
4    android:versionCode="1"
5    android:versionName="1.0" >
6
7    <uses-sdk
8        android:minSdkVersion="21"
9        android:targetSdkVersion="29" />
10
11    <uses-permission android:name="android.permission.SYSTEM_ALERT_WINDOW" />
11-->src/debug/AndroidManifest.xml:5:4-76
11-->src/debug/AndroidManifest.xml:5:21-74
12    <uses-permission android:name="android.permission.CAMERA" />
12-->src/main/AndroidManifest.xml:5:5-64
12-->src/main/AndroidManifest.xml:5:22-62
13    <uses-permission android:name="android.permission.WRITE_EXTERNAL_STORAGE" />
13-->src/main/AndroidManifest.xml:6:5-80
13-->src/main/AndroidManifest.xml:6:22-78
14    <uses-permission android:name="android.permission.READ_EXTERNAL_STORAGE" />
14-->src/main/AndroidManifest.xml:7:5-79
14-->src/main/AndroidManifest.xml:7:22-77
15    <uses-permission android:name="android.permission.INTERNET" />
15-->src/main/AndroidManifest.xml:4:4-66
15-->src/main/AndroidManifest.xml:4:21-63
16    <uses-permission android:name="android.permission.ACCESS_WIFI_STATE" />
16-->[com.facebook.flipper:flipper:0.75.1] AndroidManifest.xml:16:5-76
16-->[com.facebook.flipper:flipper:0.75.1] AndroidManifest.xml:16:22-73
17    <uses-permission android:name="android.permission.ACCESS_NETWORK_STATE" />
17-->[:react-native-community_netinfo] AndroidManifest.xml:9:5-79
17-->[:react-native-community_netinfo] AndroidManifest.xml:9:22-76
18
19    <queries>
19-->[:react-native-image-crop-picker] AndroidManifest.xml:10:5-14:15
20        <intent>
20-->[:react-native-image-crop-picker] AndroidManifest.xml:11:9-13:18
21            <action android:name="android.media.action.IMAGE_CAPTURE" />
21-->[:react-native-image-crop-picker] AndroidManifest.xml:12:13-73
21-->[:react-native-image-crop-picker] AndroidManifest.xml:12:21-70
22        </intent>
23    </queries>
24
25    <application
25-->src/main/AndroidManifest.xml:9:5-28:19
26        android:name="com.qatar.MainApplication"
26-->src/main/AndroidManifest.xml:10:7-38
27        android:allowBackup="false"
27-->src/main/AndroidManifest.xml:14:7-34
28        android:appComponentFactory="androidx.core.app.CoreComponentFactory"
28-->[androidx.core:core:1.3.2] AndroidManifest.xml:24:18-86
29        android:debuggable="true"
30        android:icon="@mipmap/ic_launcher"
30-->src/main/AndroidManifest.xml:12:7-41
31        android:label="@string/app_name"
31-->src/main/AndroidManifest.xml:11:7-39
32        android:roundIcon="@mipmap/ic_launcher_round"
32-->src/main/AndroidManifest.xml:13:7-52
33        android:theme="@style/AppTheme"
33-->src/main/AndroidManifest.xml:15:7-38
34        android:usesCleartextTraffic="true" >
34-->src/debug/AndroidManifest.xml:11:9-44
35        <activity android:name="com.facebook.react.devsupport.DevSettingsActivity" />
35-->src/debug/AndroidManifest.xml:14:9-86
35-->src/debug/AndroidManifest.xml:14:19-83
36        <activity
36-->src/main/AndroidManifest.xml:16:7-27:18
37            android:name="com.qatar.MainActivity"
37-->src/main/AndroidManifest.xml:17:9-37
38            android:configChanges="keyboard|keyboardHidden|orientation|screenSize|uiMode"
38-->src/main/AndroidManifest.xml:19:9-86
39            android:label="@string/app_name"
39-->src/main/AndroidManifest.xml:18:9-41
40            android:launchMode="singleTask"
40-->src/main/AndroidManifest.xml:20:9-40
41            android:screenOrientation="portrait"
41-->src/main/AndroidManifest.xml:21:9-45
42            android:windowSoftInputMode="adjustResize" >
42-->src/main/AndroidManifest.xml:22:9-51
43            <intent-filter>
43-->src/main/AndroidManifest.xml:23:9-26:25
44                <action android:name="android.intent.action.MAIN" />
44-->src/main/AndroidManifest.xml:24:13-65
44-->src/main/AndroidManifest.xml:24:21-62
45
46                <category android:name="android.intent.category.LAUNCHER" />
46-->src/main/AndroidManifest.xml:25:13-73
46-->src/main/AndroidManifest.xml:25:23-70
47            </intent-filter>
48        </activity>
49
50        <provider
50-->[:react-native-image-crop-picker] AndroidManifest.xml:19:9-27:20
51            android:name="androidx.core.content.FileProvider"
51-->[:react-native-image-crop-picker] AndroidManifest.xml:20:13-62
52            android:authorities="com.qatar.provider"
52-->[:react-native-image-crop-picker] AndroidManifest.xml:21:13-60
53            android:exported="false"
53-->[:react-native-image-crop-picker] AndroidManifest.xml:22:13-37
54            android:grantUriPermissions="true" >
54-->[:react-native-image-crop-picker] AndroidManifest.xml:23:13-47
55            <meta-data
55-->[:react-native-image-crop-picker] AndroidManifest.xml:24:13-26:58
56                android:name="android.support.FILE_PROVIDER_PATHS"
56-->[:react-native-image-crop-picker] AndroidManifest.xml:25:17-67
57                android:resource="@xml/provider_paths" />
57-->[:react-native-image-crop-picker] AndroidManifest.xml:26:17-55
58        </provider>
59
60        <activity
60-->[:react-native-image-crop-picker] AndroidManifest.xml:29:9-31:72
61            android:name="com.yalantis.ucrop.UCropActivity"
61-->[:react-native-image-crop-picker] AndroidManifest.xml:30:13-60
62            android:theme="@style/Theme.AppCompat.Light.NoActionBar" />
62-->[:react-native-image-crop-picker] AndroidManifest.xml:31:13-69
63    </application>
64
65</manifest>